<?xml version="1.0" encoding="UTF-8"?>
<!-- Generated by org.testng.reporters.JUnitXMLReporter -->
<testsuite ignored="0" hostname="LAPTOP-7HICQECT" failures="0" tests="5" name="Default test" time="29.802" errors="0" timestamp="2021-07-29T20:59:46 WAT">
  <testcase classname="tests.RegisteredUserCheckoutProduct" name="UserCanRegisterSuccssfully" time="3.66"/>
  <testcase classname="tests.RegisteredUserCheckoutProduct" name="UserCanSearchWithAutoSuggest" time="5.897"/>
  <testcase classname="tests.RegisteredUserCheckoutProduct" name="UserCanAddProductToShoppingCart" time="1.996"/>
  <testcase classname="tests.RegisteredUserCheckoutProduct" name="UserCanCheckoutProduct" time="16.19"/>
  <testcase classname="tests.RegisteredUserCheckoutProduct" name="RegisteredUserCanLogout" time="1.953"/>
</testsuite> <!-- Default test -->
